16:36:56.462 INFO  by.gdev.Main- logs directory D:\Github Repos\prospy006\PortableTL\JavaPortableLauncher\Data\AppData\.tlauncher/logs/starter/
16:36:56.550 INFO  by.gdev.Main- logs directory D:\Github Repos\prospy006\PortableTL\JavaPortableLauncher\Data\AppData\.tlauncher/logs/starter/
16:36:56.550 INFO  by.gdev.Main- starter was run
16:36:56.551 INFO  by.gdev.Main- starter created Sun Jul 06 13:14:28 IST 2025
16:36:58.227 INFO  b.g.u.DesktopUtil- check internet connection https://resource.fastrepo.org/check.bin timeout 1500 ms
16:36:58.227 INFO  b.g.u.DesktopUtil- check internet connection https://page.tlauncher.org/check.bin timeout 1500 ms
16:36:58.227 INFO  b.g.u.DesktopUtil- check internet connection https://launchermeta.mojang.com/v1/packages/3d8e55480977e32acd9844e545177e69a52f594b/pre-1.6.json timeout 1500 ms
16:36:58.227 INFO  b.g.u.DesktopUtil- check internet connection https://resource.tlauncher.org/check.bin timeout 1500 ms
16:36:58.227 INFO  b.g.u.DesktopUtil- check internet connection https://stat.fastrepo.org/check.bin timeout 1500 ms
16:36:58.227 INFO  b.g.u.DesktopUtil- check internet connection https://repo.tlauncher.org/check.bin timeout 1500 ms
16:36:58.227 INFO  b.g.u.DesktopUtil- check internet connection https://repo.fastrepo.org/check.bin timeout 1500 ms
16:36:58.227 INFO  b.g.u.DesktopUtil- check internet connection http://advancedrepository.net/check.bin timeout 1500 ms
16:36:58.945 INFO  b.g.u.DesktopUtil- passed advancedrepository.net within 721 ms
16:36:59.082 INFO  b.g.u.DesktopUtil- passed page.tlauncher.org within 859 ms
16:36:59.086 INFO  b.g.u.DesktopUtil- passed resource.tlauncher.org within 861 ms
16:36:59.089 INFO  b.g.u.DesktopUtil- passed launchermeta.mojang.com within 864 ms
16:36:59.094 INFO  b.g.u.DesktopUtil- passed repo.tlauncher.org within 868 ms
16:36:59.106 INFO  b.g.u.DesktopUtil- passed resource.fastrepo.org within 882 ms
16:36:59.397 INFO  b.g.u.DesktopUtil- passed stat.fastrepo.org within 1173 ms
16:36:59.408 INFO  b.g.u.DesktopUtil- passed repo.fastrepo.org within 1183 ms
16:37:02.229 INFO  b.g.c.Starter- Start loading
16:37:02.229 INFO  b.g.c.Starter- WINDOWS
16:37:02.229 INFO  b.g.c.Starter- x64
16:37:02.259 INFO  b.g.u.DesktopUtil- Locked by file D:\Github Repos\prospy006\PortableTL\JavaPortableLauncher\Data\AppData\.tlauncher\starter\protection.txt
16:37:02.262 INFO  b.g.c.Starter- app remote config: [https://repo.tlauncher.org/tlauncher-sources/prod/prerelease/tlauncher/, https://repo.fastrepo.org/tlauncher-sources/prod/prerelease/tlauncher/, http://advancedrepository.net/tlauncher-sources/prod/prerelease/tlauncher/]
16:37:02.543 INFO  b.g.h.d.i.FileCacheServiceImpl- do head request -> https://repo.tlauncher.org/tlauncher-sources/prod/prerelease/tlauncher/appConfig.json RequestMetadata(lastModified=Fri, 29 Aug 2025 04:46:30 GMT, eTag=W/68b130a6-10c0, sha1=af0c46bc8815df2618ae44b72cbf1b38988c88f4) local file D:\Github Repos\prospy006\PortableTL\JavaPortableLauncher\Data\AppData\.tlauncher\starter\cache\https_repo.tlauncher.org\tlauncher-sources\prod\prerelease\tlauncher\appConfig.json
16:37:02.841 INFO  b.g.h.d.i.FileCacheServiceImpl- do head request -> https://repo.tlauncher.org/tlauncher-sources/prod/prerelease/tlauncher/2.9339/dependencies.json RequestMetadata(lastModified=Fri, 29 Aug 2025 04:31:10 GMT, eTag=W/68b12d0e-4583, sha1=165a497399fb88e6097dfd405df98f8777a3669e) local file D:\Github Repos\prospy006\PortableTL\JavaPortableLauncher\Data\AppData\.tlauncher\starter\cache\https_repo.tlauncher.org\tlauncher-sources\prod\prerelease\tlauncher\2.9339\dependencies.json
16:37:03.063 INFO  b.g.h.d.i.FileCacheServiceImpl- do head request -> https://repo.tlauncher.org/tlauncher-sources/prod/prerelease/tlauncher/2.9339/resources.json RequestMetadata(lastModified=Fri, 29 Aug 2025 04:31:12 GMT, eTag=W/68b12d10-46fe, sha1=2102bd10390253a3ba4acf6d75a578d2e4631b9a) local file D:\Github Repos\prospy006\PortableTL\JavaPortableLauncher\Data\AppData\.tlauncher\starter\cache\https_repo.tlauncher.org\tlauncher-sources\prod\prerelease\tlauncher\2.9339\resources.json
16:37:03.381 INFO  b.g.h.d.i.FileCacheServiceImpl- do head request -> https://repo.tlauncher.org/tlauncher-sources/prod/prerelease/tlauncher/javaConfig21.json RequestMetadata(lastModified=Fri, 29 Aug 2025 04:46:29 GMT, eTag=W/68b130a5-e73, sha1=e125872e1e273e860fa276904a6ceeb5189a04eb) local file D:\Github Repos\prospy006\PortableTL\JavaPortableLauncher\Data\AppData\.tlauncher\starter\cache\https_repo.tlauncher.org\tlauncher-sources\prod\prerelease\tlauncher\javaConfig21.json
16:37:30.092 INFO  b.g.c.Starter- loading is complete
16:37:30.092 INFO  b.g.c.Starter- Start application D:\Github Repos\prospy006\PortableTL\JavaPortableLauncher\Data\AppData\.tlauncher\starter/ 
16:37:30.184 INFO  b.g.p.JavaProcessHelper- start command D:\Github Repos\prospy006\PortableTL\JavaPortableLauncher\Data\AppData\.tlauncher\starter\jre_default\jre-21.0.61-windows-x64\bin\java.exe -Dsun.java2d.uiScale.enabled=false -Xmx1024m -Dfile.encoding=UTF8 -Djava.net.preferIPv4Stack=true --add-opens=java.base/java.lang=ALL-UNNAMED --add-opens=java.base/java.time=ALL-UNNAMED --add-opens=java.desktop/java.awt=ALL-UNNAMED --add-opens=java.desktop/sun.awt.image=ALL-UNNAMED --add-opens=java.desktop/sun.java2d=ALL-UNNAMED --add-opens=java.desktop/java.awt.color=ALL-UNNAMED --add-opens=java.desktop/java.awt.image=ALL-UNNAMED --add-opens=java.desktop/com.apple.eawt=ALL-UNNAMED --add-opens=java.base/java.util.regex=ALL-UNNAMED --add-opens=java.desktop/javax.swing=ALL-UNNAMED --add-opens=java.desktop/java.beans=ALL-UNNAMED --add-opens=javafx.web/com.sun.webkit.network=ALL-UNNAMED --add-opens=javafx.web/javafx.scene.web=ALL-UNNAMED --add-opens=javafx.web/com.sun.webkit=ALL-UNNAMED --add-opens=javafx.web/com.sun.webkit.event=ALL-UNNAMED -cp D:\Github Repos\prospy006\PortableTL\JavaPortableLauncher\Data\AppData\.tlauncher\starter\dependencies\aopalliance-1.0.jar;D:\Github Repos\prospy006\PortableTL\JavaPortableLauncher\Data\AppData\.tlauncher\starter\dependencies\checker-qual-3.12.0.jar;D:\Github Repos\prospy006\PortableTL\JavaPortableLauncher\Data\AppData\.tlauncher\starter\dependencies\commons-codec-1.9.jar;D:\Github Repos\prospy006\PortableTL\JavaPortableLauncher\Data\AppData\.tlauncher\starter\dependencies\commons-compress-1.23.0.jar;D:\Github Repos\prospy006\PortableTL\JavaPortableLauncher\Data\AppData\.tlauncher\starter\dependencies\commons-io-2.11.0.jar;D:\Github Repos\prospy006\PortableTL\JavaPortableLauncher\Data\AppData\.tlauncher\starter\dependencies\commons-lang3-3.4.jar;D:\Github Repos\prospy006\PortableTL\JavaPortableLauncher\Data\AppData\.tlauncher\starter\dependencies\commons-logging-1.2.jar;D:\Github Repos\prospy006\PortableTL\JavaPortableLauncher\Data\AppData\.tlauncher\starter\dependencies\commons-logging-api-1.1.jar;D:\Github Repos\prospy006\PortableTL\JavaPortableLauncher\Data\AppData\.tlauncher\starter\dependencies\commons-vfs2-2.0.jar;D:\Github Repos\prospy006\PortableTL\JavaPortableLauncher\Data\AppData\.tlauncher\starter\dependencies\desktop-common-util-1.258.jar;D:\Github Repos\prospy006\PortableTL\JavaPortableLauncher\Data\AppData\.tlauncher\starter\dependencies\DiscordIPC-0.5.jar;D:\Github Repos\prospy006\PortableTL\JavaPortableLauncher\Data\AppData\.tlauncher\starter\dependencies\dnsjava-2.1.8.jar;D:\Github Repos\prospy006\PortableTL\JavaPortableLauncher\Data\AppData\.tlauncher\starter\dependencies\error_prone_annotations-2.18.0.jar;D:\Github Repos\prospy006\PortableTL\JavaPortableLauncher\Data\AppData\.tlauncher\starter\dependencies\failureaccess-1.0.1.jar;D:\Github Repos\prospy006\PortableTL\JavaPortableLauncher\Data\AppData\.tlauncher\starter\dependencies\fluent-hc-4.5.2.jar;D:\Github Repos\prospy006\PortableTL\JavaPortableLauncher\Data\AppData\.tlauncher\starter\dependencies\gson-2.8.8.jar;D:\Github Repos\prospy006\PortableTL\JavaPortableLauncher\Data\AppData\.tlauncher\starter\dependencies\guava-31.0.1-jre.jar;D:\Github Repos\prospy006\PortableTL\JavaPortableLauncher\Data\AppData\.tlauncher\starter\dependencies\guice-7.0.0.jar;D:\Github Repos\prospy006\PortableTL\JavaPortableLauncher\Data\AppData\.tlauncher\starter\dependencies\guice-assistedinject-7.0.0.jar;D:\Github Repos\prospy006\PortableTL\JavaPortableLauncher\Data\AppData\.tlauncher\starter\dependencies\http-download-1.258.jar;D:\Github Repos\prospy006\PortableTL\JavaPortableLauncher\Data\AppData\.tlauncher\starter\dependencies\httpclient-4.5.2.jar;D:\Github Repos\prospy006\PortableTL\JavaPortableLauncher\Data\AppData\.tlauncher\starter\dependencies\httpcore-4.4.4.jar;D:\Github Repos\prospy006\PortableTL\JavaPortableLauncher\Data\AppData\.tlauncher\starter\dependencies\j2objc-annotations-1.3.jar;D:\Github Repos\prospy006\PortableTL\JavaPortableLauncher\Data\AppData\.tlauncher\starter\dependencies\jakarta.inject-api-2.0.1.jar;D:\Github Repos\prospy006\PortableTL\JavaPortableLauncher\Data\AppData\.tlauncher\starter\dependencies\javafx-base-21.0.6-win.jar;D:\Github Repos\prospy006\PortableTL\JavaPortableLauncher\Data\AppData\.tlauncher\starter\dependencies\javafx-base-21.0.6.jar;D:\Github Repos\prospy006\PortableTL\JavaPortableLauncher\Data\AppData\.tlauncher\starter\dependencies\javafx-controls-21.0.6-win.jar;D:\Github Repos\prospy006\PortableTL\JavaPortableLauncher\Data\AppData\.tlauncher\starter\dependencies\javafx-controls-21.0.6.jar;D:\Github Repos\prospy006\PortableTL\JavaPortableLauncher\Data\AppData\.tlauncher\starter\dependencies\javafx-graphics-21.0.6-win.jar;D:\Github Repos\prospy006\PortableTL\JavaPortableLauncher\Data\AppData\.tlauncher\starter\dependencies\javafx-graphics-21.0.6.jar;D:\Github Repos\prospy006\PortableTL\JavaPortableLauncher\Data\AppData\.tlauncher\starter\dependencies\javafx-media-21.0.6-win.jar;D:\Github Repos\prospy006\PortableTL\JavaPortableLauncher\Data\AppData\.tlauncher\starter\dependencies\javafx-media-21.0.6.jar;D:\Github Repos\prospy006\PortableTL\JavaPortableLauncher\Data\AppData\.tlauncher\starter\dependencies\javafx-swing-21.0.6-win.jar;D:\Github Repos\prospy006\PortableTL\JavaPortableLauncher\Data\AppData\.tlauncher\starter\dependencies\javafx-swing-21.0.6.jar;D:\Github Repos\prospy006\PortableTL\JavaPortableLauncher\Data\AppData\.tlauncher\starter\dependencies\javafx-web-21.0.6-win.jar;D:\Github Repos\prospy006\PortableTL\JavaPortableLauncher\Data\AppData\.tlauncher\starter\dependencies\javafx-web-21.0.6.jar;D:\Github Repos\prospy006\PortableTL\JavaPortableLauncher\Data\AppData\.tlauncher\starter\dependencies\javax.annotation-api-1.3.2.jar;D:\Github Repos\prospy006\PortableTL\JavaPortableLauncher\Data\AppData\.tlauncher\starter\dependencies\jaxb-api-2.3.0.jar;D:\Github Repos\prospy006\PortableTL\JavaPortableLauncher\Data\AppData\.tlauncher\starter\dependencies\jaxb-core-2.3.0.jar;D:\Github Repos\prospy006\PortableTL\JavaPortableLauncher\Data\AppData\.tlauncher\starter\dependencies\jaxb-impl-2.3.0.jar;D:\Github Repos\prospy006\PortableTL\JavaPortableLauncher\Data\AppData\.tlauncher\starter\dependencies\jcl-over-slf4j-1.7.25.jar;D:\Github Repos\prospy006\PortableTL\JavaPortableLauncher\Data\AppData\.tlauncher\starter\dependencies\jopt-simple-5.0.4.jar;D:\Github Repos\prospy006\PortableTL\JavaPortableLauncher\Data\AppData\.tlauncher\starter\dependencies\json-20230227.jar;D:\Github Repos\prospy006\PortableTL\JavaPortableLauncher\Data\AppData\.tlauncher\starter\dependencies\jsr305-3.0.2.jar;D:\Github Repos\prospy006\PortableTL\JavaPortableLauncher\Data\AppData\.tlauncher\starter\dependencies\junixsocket-common-2.6.2.jar;D:\Github Repos\prospy006\PortableTL\JavaPortableLauncher\Data\AppData\.tlauncher\starter\dependencies\junixsocket-native-common-2.6.2.jar;D:\Github Repos\prospy006\PortableTL\JavaPortableLauncher\Data\AppData\.tlauncher\starter\dependencies\junrar-0.7.jar;D:\Github Repos\prospy006\PortableTL\JavaPortableLauncher\Data\AppData\.tlauncher\starter\dependencies\listenablefuture-9999.0-empty-to-avoid-conflict-with-guava.jar;D:\Github Repos\prospy006\PortableTL\JavaPortableLauncher\Data\AppData\.tlauncher\starter\dependencies\log4j-1.2.17.jar;D:\Github Repos\prospy006\PortableTL\JavaPortableLauncher\Data\AppData\.tlauncher\starter\dependencies\logback-classic-1.2.10.jar;D:\Github Repos\prospy006\PortableTL\JavaPortableLauncher\Data\AppData\.tlauncher\starter\dependencies\logback-core-1.2.10.jar;D:\Github Repos\prospy006\PortableTL\JavaPortableLauncher\Data\AppData\.tlauncher\starter\dependencies\lombok-1.18.30.jar;D:\Github Repos\prospy006\PortableTL\JavaPortableLauncher\Data\AppData\.tlauncher\starter\dependencies\maven-scm-api-1.4.jar;D:\Github Repos\prospy006\PortableTL\JavaPortableLauncher\Data\AppData\.tlauncher\starter\dependencies\maven-scm-provider-svn-commons-1.4.jar;D:\Github Repos\prospy006\PortableTL\JavaPortableLauncher\Data\AppData\.tlauncher\starter\dependencies\maven-scm-provider-svnexe-1.4.jar;D:\Github Repos\prospy006\PortableTL\JavaPortableLauncher\Data\AppData\.tlauncher\starter\dependencies\MinecraftServerPing-1.0.2.jar;D:\Github Repos\prospy006\PortableTL\JavaPortableLauncher\Data\AppData\.tlauncher\starter\dependencies\mockserver-netty-no-dependencies-5.14.0.jar;D:\Github Repos\prospy006\PortableTL\JavaPortableLauncher\Data\AppData\.tlauncher\starter\dependencies\modpack-dto-2.278.jar;D:\Github Repos\prospy006\PortableTL\JavaPortableLauncher\Data\AppData\.tlauncher\starter\dependencies\picture-bundle-3.72.jar;D:\Github Repos\prospy006\PortableTL\JavaPortableLauncher\Data\AppData\.tlauncher\starter\dependencies\plexus-utils-1.5.6.jar;D:\Github Repos\prospy006\PortableTL\JavaPortableLauncher\Data\AppData\.tlauncher\starter\dependencies\regexp-1.3.jar;D:\Github Repos\prospy006\PortableTL\JavaPortableLauncher\Data\AppData\.tlauncher\starter\dependencies\skin-api-1.7.jar;D:\Github Repos\prospy006\PortableTL\JavaPortableLauncher\Data\AppData\.tlauncher\starter\dependencies\slf4j-api-1.7.25.jar;D:\Github Repos\prospy006\PortableTL\JavaPortableLauncher\Data\AppData\.tlauncher\starter\dependencies\statistics-dto-1.73.jar;D:\Github Repos\prospy006\PortableTL\JavaPortableLauncher\Data\AppData\.tlauncher\starter\dependencies\tlauncher-resource-1.6.jar;D:\Github Repos\prospy006\PortableTL\JavaPortableLauncher\Data\AppData\.tlauncher\starter\dependencies\url-cache-1.1.jar;D:\Github Repos\prospy006\PortableTL\JavaPortableLauncher\Data\AppData\.tlauncher\starter\dependencies\xz-1.9.jar;D:\Github Repos\prospy006\PortableTL\JavaPortableLauncher\Data\AppData\.tlauncher\starter\original-TLauncher-2.9339.jar; org.tlauncher.tlauncher.rmo.TLauncher -starterConfig=D:\Github Repos\prospy006\PortableTL\JavaPortableLauncher\Data\AppData\.tlauncher\starter\starter.json -requireUpdate=false -currentAppVersion=2.9339 -starterDomainAvailability=D:\Github Repos\prospy006\PortableTL\JavaPortableLauncher\Data\AppData\.tlauncher\starter\domainAvailability.json -country=${country}
16:37:30.703 INFO  b.g.s.ConsoleSubscriber- WARNING: package com.apple.eawt not in java.desktop
16:37:31.291 INFO  b.g.s.ConsoleSubscriber- Loading configuration from file: D:\Github Repos\prospy006\PortableTL\JavaPortableLauncher\Data\AppData\.tlauncher\tlauncher-2.0.properties
16:37:31.695 INFO  b.g.s.ConsoleSubscriber- [Configuration] Constant values: {require.update=false, version.tlauncher=2.9339, starter.config=D:\Github Repos\prospy006\PortableTL\JavaPortableLauncher\Data\AppData\.tlauncher\starter\starter.json, localization.country=${country}, starter.domain.availability=D:\Github Repos\prospy006\PortableTL\JavaPortableLauncher\Data\AppData\.tlauncher\starter\domainAvailability.json}
16:37:32.069 INFO  b.g.s.ConsoleSubscriber- [Loading] INITIALIZING
16:37:36.170 INFO  b.g.s.ConsoleSubscriber- Starting TLauncher 2.9339 PRERELEASE
16:37:36.171 INFO  b.g.s.ConsoleSubscriber- For more information, visit https://tlauncher.org/
16:37:36.173 INFO  b.g.s.ConsoleSubscriber- Startup time: Sep 26, 2025, 4:37:36?PM
16:37:36.174 INFO  b.g.s.ConsoleSubscriber- Running folder D:\Github Repos\prospy006\PortableTL\JavaPortableLauncher\Data\AppData\.tlauncher\starter
16:37:36.174 INFO  b.g.s.ConsoleSubscriber- ---
16:37:36.186 INFO  b.g.s.ConsoleSubscriber- [Loading] LOADING_CONFIGURATION
16:37:36.187 INFO  b.g.s.ConsoleSubscriber- Machine info: -------------------------------------------------------
16:37:36.187 INFO  b.g.s.ConsoleSubscriber- Windows 11 10.0, Java 21.0.6, jvm bit x64, 7965 MB RAM
16:37:36.188 INFO  b.g.s.ConsoleSubscriber- java path=D:\Github Repos\prospy006\PortableTL\JavaPortableLauncher\Data\AppData\.tlauncher\starter\jre_default\jre-21.0.61-windows-x64\bin\javaw.exe
16:37:36.189 INFO  b.g.s.ConsoleSubscriber- Intel(R) Core(TM) i5-10210U CPU @ 1.60GHz
16:37:36.190 INFO  b.g.s.ConsoleSubscriber- -------------------------------------------------------
16:37:36.190 INFO  b.g.s.ConsoleSubscriber- Selected locale: en
16:37:36.326 INFO  b.g.s.ConsoleSubscriber- default protocol handler for protocol {} not available http
16:37:36.697 INFO  b.g.s.ConsoleSubscriber- 16:37:36.685 [ForkJoinPool.commonPool-worker-5] INFO by.gdev.util.DesktopUtil - check internet connection https://securelogger.net/check.bin timeout 1500 ms
16:37:36.698 INFO  b.g.s.ConsoleSubscriber- 16:37:36.686 [ForkJoinPool.commonPool-worker-2] INFO by.gdev.util.DesktopUtil - check internet connection https://mps.tlauncher.ru/api/check.bin timeout 1500 ms
16:37:36.699 INFO  b.g.s.ConsoleSubscriber- 16:37:36.686 [pool-3-thread-1] INFO by.gdev.util.DesktopUtil - check internet connection https://res.tlauncher.ru/check.bin timeout 1500 ms
16:37:36.699 INFO  b.g.s.ConsoleSubscriber- 16:37:36.685 [ForkJoinPool.commonPool-worker-4] INFO by.gdev.util.DesktopUtil - check internet connection https://res.tlauncher.org/check.bin timeout 1500 ms
16:37:36.700 INFO  b.g.s.ConsoleSubscriber- 16:37:36.685 [ForkJoinPool.commonPool-worker-3] INFO by.gdev.util.DesktopUtil - check internet connection https://securelogger.top/check.bin timeout 1500 ms
16:37:36.701 INFO  b.g.s.ConsoleSubscriber- 16:37:36.685 [ForkJoinPool.commonPool-worker-7] INFO by.gdev.util.DesktopUtil - check internet connection https://mps.tlauncher.org/api/check.bin timeout 1500 ms
16:37:36.701 INFO  b.g.s.ConsoleSubscriber- 16:37:36.685 [ForkJoinPool.commonPool-worker-6] INFO by.gdev.util.DesktopUtil - check internet connection https://mps.fastrepo.org/api/check.bin timeout 1500 ms
16:37:36.701 INFO  b.g.s.ConsoleSubscriber- check internet connection https://securelogger.net/check.bin timeout 1500 ms
16:37:36.702 INFO  b.g.s.ConsoleSubscriber- check internet connection https://mps.fastrepo.org/api/check.bin timeout 1500 ms
16:37:36.703 INFO  b.g.s.ConsoleSubscriber- check internet connection https://mps.tlauncher.ru/api/check.bin timeout 1500 ms
16:37:36.704 INFO  b.g.s.ConsoleSubscriber- check internet connection https://mps.tlauncher.org/api/check.bin timeout 1500 ms
16:37:36.705 INFO  b.g.s.ConsoleSubscriber- check internet connection https://securelogger.top/check.bin timeout 1500 ms
16:37:36.707 INFO  b.g.s.ConsoleSubscriber- check internet connection https://res.tlauncher.org/check.bin timeout 1500 ms
16:37:36.709 INFO  b.g.s.ConsoleSubscriber- check internet connection https://res.tlauncher.ru/check.bin timeout 1500 ms
16:37:36.891 INFO  b.g.s.ConsoleSubscriber- [Loading] LOADING_CONSOLE
16:37:38.207 INFO  b.g.s.ConsoleSubscriber- 16:37:38.204 [ForkJoinPool.commonPool-worker-5] INFO by.gdev.util.DesktopUtil - passed securelogger.net within 1525 ms
16:37:38.210 INFO  b.g.s.ConsoleSubscriber- passed securelogger.net within 1525 ms
16:37:38.211 INFO  b.g.s.ConsoleSubscriber- 16:37:38.206 [ForkJoinPool.commonPool-worker-5] INFO by.gdev.util.DesktopUtil - check internet connection https://ruzone.securelogger.top/check.bin timeout 1500 ms
16:37:38.212 INFO  b.g.s.ConsoleSubscriber- check internet connection https://ruzone.securelogger.top/check.bin timeout 1500 ms
16:37:38.213 INFO  b.g.s.ConsoleSubscriber- 16:37:38.210 [ForkJoinPool.commonPool-worker-4] INFO by.gdev.util.DesktopUtil - passed res.tlauncher.org within 1531 ms
16:37:38.214 INFO  b.g.s.ConsoleSubscriber- passed res.tlauncher.org within 1531 ms
16:37:38.215 INFO  b.g.s.ConsoleSubscriber- 16:37:38.211 [ForkJoinPool.commonPool-worker-4] INFO by.gdev.util.DesktopUtil - check internet connection https://rescl.tlauncher.org/check.bin timeout 1500 ms
16:37:38.217 INFO  b.g.s.ConsoleSubscriber- check internet connection https://rescl.tlauncher.org/check.bin timeout 1500 ms
16:37:38.332 INFO  b.g.s.ConsoleSubscriber- 16:37:38.331 [ForkJoinPool.commonPool-worker-4] INFO by.gdev.util.DesktopUtil - passed rescl.tlauncher.org within 121 ms
16:37:38.337 INFO  b.g.s.ConsoleSubscriber- passed rescl.tlauncher.org within 121 ms
16:37:38.850 INFO  b.g.s.ConsoleSubscriber- [Downloader2] Loaded configuration: good
16:37:39.065 INFO  b.g.s.ConsoleSubscriber- 16:37:39.064 [ForkJoinPool.commonPool-worker-5] INFO by.gdev.util.DesktopUtil - passed ruzone.securelogger.top within 858 ms
16:37:39.065 INFO  b.g.s.ConsoleSubscriber- passed ruzone.securelogger.top within 858 ms
16:37:39.238 INFO  b.g.s.ConsoleSubscriber- 16:37:39.236 [ForkJoinPool.commonPool-worker-7] INFO by.gdev.util.DesktopUtil - check internet connection https://mps.tlauncher.org/api/check.bin timeout 4500 ms
16:37:39.240 INFO  b.g.s.ConsoleSubscriber- 16:37:39.236 [pool-3-thread-1] INFO by.gdev.util.DesktopUtil - check internet connection https://res.tlauncher.ru/check.bin timeout 4500 ms
16:37:39.241 INFO  b.g.s.ConsoleSubscriber- 16:37:39.236 [ForkJoinPool.commonPool-worker-3] INFO by.gdev.util.DesktopUtil - check internet connection https://securelogger.top/check.bin timeout 4500 ms
16:37:39.241 INFO  b.g.s.ConsoleSubscriber- 16:37:39.236 [ForkJoinPool.commonPool-worker-2] INFO by.gdev.util.DesktopUtil - check internet connection https://mps.tlauncher.ru/api/check.bin timeout 4500 ms
16:37:39.242 INFO  b.g.s.ConsoleSubscriber- check internet connection https://mps.tlauncher.org/api/check.bin timeout 4500 ms
16:37:39.242 INFO  b.g.s.ConsoleSubscriber- 16:37:39.238 [ForkJoinPool.commonPool-worker-6] INFO by.gdev.util.DesktopUtil - check internet connection https://mps.fastrepo.org/api/check.bin timeout 4500 ms
16:37:39.243 INFO  b.g.s.ConsoleSubscriber- check internet connection https://mps.tlauncher.ru/api/check.bin timeout 4500 ms
16:37:39.243 INFO  b.g.s.ConsoleSubscriber- check internet connection https://securelogger.top/check.bin timeout 4500 ms
16:37:39.244 INFO  b.g.s.ConsoleSubscriber- check internet connection https://res.tlauncher.ru/check.bin timeout 4500 ms
16:37:39.244 INFO  b.g.s.ConsoleSubscriber- check internet connection https://mps.fastrepo.org/api/check.bin timeout 4500 ms
16:37:39.591 INFO  b.g.s.ConsoleSubscriber- 16:37:39.590 [ForkJoinPool.commonPool-worker-3] INFO by.gdev.util.DesktopUtil - passed securelogger.top within 2911 ms
16:37:39.591 INFO  b.g.s.ConsoleSubscriber- passed securelogger.top within 2911 ms
16:37:39.655 INFO  b.g.s.ConsoleSubscriber- 16:37:39.654 [ForkJoinPool.commonPool-worker-2] INFO by.gdev.util.DesktopUtil - passed mps.tlauncher.ru within 2976 ms
16:37:39.655 INFO  b.g.s.ConsoleSubscriber- passed mps.tlauncher.ru within 2976 ms
16:37:39.680 INFO  b.g.s.ConsoleSubscriber- 16:37:39.679 [pool-3-thread-1] INFO by.gdev.util.DesktopUtil - passed res.tlauncher.ru within 3002 ms
16:37:39.680 INFO  b.g.s.ConsoleSubscriber- passed res.tlauncher.ru within 3002 ms
16:37:39.771 INFO  b.g.s.ConsoleSubscriber- 16:37:39.770 [ForkJoinPool.commonPool-worker-7] INFO by.gdev.util.DesktopUtil - passed mps.tlauncher.org within 3090 ms
16:37:39.772 INFO  b.g.s.ConsoleSubscriber- passed mps.tlauncher.org within 3090 ms
16:37:39.872 INFO  b.g.s.ConsoleSubscriber- [Browser] Loading resources...
16:37:39.964 INFO  b.g.s.ConsoleSubscriber- 16:37:39.963 [ForkJoinPool.commonPool-worker-6] INFO by.gdev.util.DesktopUtil - passed mps.fastrepo.org within 3284 ms
16:37:39.964 INFO  b.g.s.ConsoleSubscriber- passed mps.fastrepo.org within 3284 ms
16:37:40.267 INFO  b.g.s.ConsoleSubscriber- [Browser] Cleaning up after loading:
16:37:40.275 INFO  b.g.s.ConsoleSubscriber- Starting garbage collector: 54 / 64 MB
16:37:40.313 INFO  b.g.s.ConsoleSubscriber- Garbage collector completed: 30 / 64 MB
16:37:40.426 INFO  b.g.s.ConsoleSubscriber- 16:37:40.425 [main] INFO by.gdev.http.download.impl.FileCacheServiceImpl - do head request -> https://repo.tlauncher.org/update/downloads/configs/pages/index_en.html RequestMetadata(lastModified=Sat, 13 Sep 2025 00:36:51 GMT, eTag=68c4bca3-f4e8, sha1=a487444484ea04c0d4eec861e56aad20b11dc571) local file D:\Github Repos\prospy006\PortableTL\JavaPortableLauncher\Data\AppData\.tlauncher\cache\https_repo.tlauncher.org\update\downloads\configs\pages\index_en.html
16:37:40.427 INFO  b.g.s.ConsoleSubscriber- do head request -> https://repo.tlauncher.org/update/downloads/configs/pages/index_en.html RequestMetadata(lastModified=Sat, 13 Sep 2025 00:36:51 GMT, eTag=68c4bca3-f4e8, sha1=a487444484ea04c0d4eec861e56aad20b11dc571) local file D:\Github Repos\prospy006\PortableTL\JavaPortableLauncher\Data\AppData\.tlauncher\cache\https_repo.tlauncher.org\update\downloads\configs\pages\index_en.html
16:37:40.823 INFO  b.g.s.ConsoleSubscriber- [Loading] LOADING_MANAGERS
16:37:40.824 INFO  b.g.s.ConsoleSubscriber- [Browser] Running in JavaFX Thread
16:37:40.824 INFO  b.g.s.ConsoleSubscriber- [Browser] Preparing JavaFX...
16:37:40.906 INFO  b.g.s.ConsoleSubscriber- [LocalVersionList] Base directory: D:\Apps\THE MINECRAFT FILES\PortableTL\JavaPortableLauncher\Data\AppData\.minecraft
16:37:40.951 INFO  b.g.s.ConsoleSubscriber- [ProfileManager] Refreshing profiles from: D:\Apps\THE MINECRAFT FILES\PortableTL\JavaPortableLauncher\Data\AppData\.minecraft\TlauncherProfiles.json
16:37:41.015 INFO  b.g.s.ConsoleSubscriber- [AdvertisingStatusObserver]  started to get ad information
16:37:41.016 INFO  b.g.s.ConsoleSubscriber- [AdvertisingStatusObserver]  finished to get add information
16:37:41.024 INFO  b.g.s.ConsoleSubscriber- profiles is saved successfully
16:37:41.031 INFO  b.g.s.ConsoleSubscriber- [Loading] LOADING_WINDOW
16:37:41.056 INFO  b.g.s.ConsoleSubscriber- [Browser] Initializing...
16:37:41.066 INFO  b.g.s.ConsoleSubscriber- 16:37:41.065 [ExtendedThread#3] INFO by.gdev.http.download.impl.FileCacheServiceImpl - do head request -> https://repo.tlauncher.org/update/downloads/libraries/org/tlauncher/authlib/libraries-1.7.json RequestMetadata(lastModified=Wed, 10 Sep 2025 08:06:39 GMT, eTag=68c1318f-52547, sha1=397f61a80212a8fa0c73b74d0a82c1430186d028) local file D:\Github Repos\prospy006\PortableTL\JavaPortableLauncher\Data\AppData\.tlauncher\cache\https_repo.tlauncher.org\update\downloads\libraries\org\tlauncher\authlib\libraries-1.7.json
16:37:41.066 INFO  b.g.s.ConsoleSubscriber- do head request -> https://repo.tlauncher.org/update/downloads/libraries/org/tlauncher/authlib/libraries-1.7.json RequestMetadata(lastModified=Wed, 10 Sep 2025 08:06:39 GMT, eTag=68c1318f-52547, sha1=397f61a80212a8fa0c73b74d0a82c1430186d028) local file D:\Github Repos\prospy006\PortableTL\JavaPortableLauncher\Data\AppData\.tlauncher\cache\https_repo.tlauncher.org\update\downloads\libraries\org\tlauncher\authlib\libraries-1.7.json
16:37:41.115 INFO  b.g.s.ConsoleSubscriber- 16:37:41.115 [ExtendedThread#4] INFO by.gdev.http.download.impl.FileCacheServiceImpl - do head request -> https://repo.tlauncher.org/update/downloads/configs/inner_servers-1.1.json RequestMetadata(lastModified=Sun, 21 Sep 2025 21:30:41 GMT, eTag=68d06e81-1652, sha1=e99a6a34b12d41efd51ed01928d6b259a9684a45) local file D:\Github Repos\prospy006\PortableTL\JavaPortableLauncher\Data\AppData\.tlauncher\cache\https_repo.tlauncher.org\update\downloads\configs\inner_servers-1.1.json
16:37:41.116 INFO  b.g.s.ConsoleSubscriber- do head request -> https://repo.tlauncher.org/update/downloads/configs/inner_servers-1.1.json RequestMetadata(lastModified=Sun, 21 Sep 2025 21:30:41 GMT, eTag=68d06e81-1652, sha1=e99a6a34b12d41efd51ed01928d6b259a9684a45) local file D:\Github Repos\prospy006\PortableTL\JavaPortableLauncher\Data\AppData\.tlauncher\cache\https_repo.tlauncher.org\update\downloads\configs\inner_servers-1.1.json
16:37:41.117 INFO  b.g.s.ConsoleSubscriber- 16:37:41.115 [ExtendedThread#4] DEBUG by.gdev.http.download.impl.HttpServiceImpl - do request https://repo.tlauncher.org/update/downloads/configs/inner_servers-1.1.json, saved to D:\Github Repos\prospy006\PortableTL\JavaPortableLauncher\Data\AppData\.tlauncher\cache\https_repo.tlauncher.org\update\downloads\configs\inner_servers-1.1.json
16:37:41.117 INFO  b.g.s.ConsoleSubscriber- do request https://repo.tlauncher.org/update/downloads/configs/inner_servers-1.1.json, saved to D:\Github Repos\prospy006\PortableTL\JavaPortableLauncher\Data\AppData\.tlauncher\cache\https_repo.tlauncher.org\update\downloads\configs\inner_servers-1.1.json
16:37:41.361 INFO  b.g.s.ConsoleSubscriber- [Swing] Favicons loaded: 256px, 128px, 96px, 64px, 48px, 32px, 24px, 16px
16:37:41.658 INFO  b.g.s.ConsoleSubscriber- [JFXStartPageLoader]  start load page: file:///D:/Github%20Repos/prospy006/PortableTL/JavaPortableLauncher/Data/AppData/.tlauncher/cache/https_repo.tlauncher.org/update/downloads/configs/pages/index_en.html
16:37:43.480 INFO  b.g.s.ConsoleSubscriber- [JFXStartPageLoader]  succeeded load page: file:///D:/Github%20Repos/prospy006/PortableTL/JavaPortableLauncher/Data/AppData/.tlauncher/cache/https_repo.tlauncher.org/update/downloads/configs/pages/index_en.html during 1
16:37:43.544 INFO  b.g.s.ConsoleSubscriber- [Browser@1054335150] Loaded successfully: "file:///D:/Github%20Repos/prospy006/PortableTL/JavaPortableLauncher/Data/AppData/.tlauncher/cache/https_repo.tlauncher.org/update/downloads/configs/pages/index_en.html"
16:37:43.830 INFO  b.g.s.ConsoleSubscriber- [Browser] add listens into server_choose
16:37:43.831 INFO  b.g.s.ConsoleSubscriber- [Browser] finished listens into server_choose
16:37:47.224 INFO  b.g.s.ConsoleSubscriber- [Loading] PREPARING_MAINPANE
16:37:48.006 INFO  b.g.s.ConsoleSubscriber- [Downloader2] Loaded configuration: good
16:37:49.608 INFO  b.g.s.ConsoleSubscriber- [BrowserSimplePanel]	 constructor
16:37:49.659 INFO  b.g.s.ConsoleSubscriber- [BrowserSimplePanel]	 constructor
16:37:50.628 INFO  b.g.s.ConsoleSubscriber- [Loading] POSTINIT_GUI
16:37:51.323 INFO  b.g.s.ConsoleSubscriber- [Frame] Packing main frame...
16:37:51.841 INFO  b.g.s.ConsoleSubscriber- [Frame] Resizing main pane...
16:37:51.842 INFO  b.g.s.ConsoleSubscriber- Visibility set.
16:37:51.846 INFO  b.g.s.ConsoleSubscriber- [Loading] REFRESHING_INFO
16:37:51.856 INFO  b.g.s.ConsoleSubscriber- [VersionManager] Refreshing versions remotely...
16:37:51.857 INFO  b.g.s.ConsoleSubscriber- Started! (15672 ms.)
16:37:51.857 INFO  b.g.s.ConsoleSubscriber- [Loading] SUCCESS
16:46:22.980 INFO  by.gdev.Main- logs directory D:\Github Repos\prospy006\PortableTL\JavaPortableLauncher\Data\AppData\.tlauncher/logs/starter/
16:46:23.137 INFO  by.gdev.Main- logs directory D:\Github Repos\prospy006\PortableTL\JavaPortableLauncher\Data\AppData\.tlauncher/logs/starter/
16:46:23.138 INFO  by.gdev.Main- starter was run
16:46:23.138 INFO  by.gdev.Main- starter created Sun Jul 06 13:14:28 IST 2025
16:46:23.666 INFO  b.g.u.DesktopUtil- check internet connection https://resource.fastrepo.org/check.bin timeout 1500 ms
16:46:23.666 INFO  b.g.u.DesktopUtil- check internet connection https://repo.tlauncher.org/check.bin timeout 1500 ms
16:46:23.666 INFO  b.g.u.DesktopUtil- check internet connection https://launchermeta.mojang.com/v1/packages/3d8e55480977e32acd9844e545177e69a52f594b/pre-1.6.json timeout 1500 ms
16:46:23.666 INFO  b.g.u.DesktopUtil- check internet connection https://resource.tlauncher.org/check.bin timeout 1500 ms
16:46:23.666 INFO  b.g.u.DesktopUtil- check internet connection https://stat.fastrepo.org/check.bin timeout 1500 ms
16:46:23.666 INFO  b.g.u.DesktopUtil- check internet connection http://advancedrepository.net/check.bin timeout 1500 ms
16:46:23.666 INFO  b.g.u.DesktopUtil- check internet connection https://page.tlauncher.org/check.bin timeout 1500 ms
16:46:23.666 INFO  b.g.u.DesktopUtil- check internet connection https://repo.fastrepo.org/check.bin timeout 1500 ms
16:46:24.062 INFO  b.g.u.DesktopUtil- passed resource.tlauncher.org within 399 ms
16:46:24.062 INFO  b.g.u.DesktopUtil- passed resource.fastrepo.org within 399 ms
16:46:24.063 INFO  b.g.u.DesktopUtil- passed page.tlauncher.org within 401 ms
16:46:24.069 INFO  b.g.u.DesktopUtil- passed repo.tlauncher.org within 406 ms
16:46:24.072 INFO  b.g.u.DesktopUtil- passed launchermeta.mojang.com within 409 ms
16:46:24.211 INFO  b.g.u.DesktopUtil- passed advancedrepository.net within 549 ms
16:46:24.370 INFO  b.g.u.DesktopUtil- passed repo.fastrepo.org within 707 ms
16:46:24.448 INFO  b.g.u.DesktopUtil- passed stat.fastrepo.org within 785 ms
16:46:25.978 INFO  b.g.c.Starter- Start loading
16:46:25.978 INFO  b.g.c.Starter- WINDOWS
16:46:25.979 INFO  b.g.c.Starter- x64
16:46:25.980 INFO  b.g.u.DesktopUtil- Locked by file D:\Github Repos\prospy006\PortableTL\JavaPortableLauncher\Data\AppData\.tlauncher\starter\protection.txt
16:46:25.984 INFO  b.g.c.Starter- app remote config: [https://repo.tlauncher.org/tlauncher-sources/prod/prerelease/tlauncher/, https://repo.fastrepo.org/tlauncher-sources/prod/prerelease/tlauncher/, http://advancedrepository.net/tlauncher-sources/prod/prerelease/tlauncher/]
16:46:26.176 INFO  b.g.h.d.i.FileCacheServiceImpl- do head request -> https://repo.tlauncher.org/tlauncher-sources/prod/prerelease/tlauncher/appConfig.json RequestMetadata(lastModified=Fri, 29 Aug 2025 04:46:30 GMT, eTag=W/68b130a6-10c0, sha1=af0c46bc8815df2618ae44b72cbf1b38988c88f4) local file D:\Github Repos\prospy006\PortableTL\JavaPortableLauncher\Data\AppData\.tlauncher\starter\cache\https_repo.tlauncher.org\tlauncher-sources\prod\prerelease\tlauncher\appConfig.json
16:46:26.474 INFO  b.g.h.d.i.FileCacheServiceImpl- do head request -> https://repo.tlauncher.org/tlauncher-sources/prod/prerelease/tlauncher/2.9339/dependencies.json RequestMetadata(lastModified=Fri, 29 Aug 2025 04:31:10 GMT, eTag=W/68b12d0e-4583, sha1=165a497399fb88e6097dfd405df98f8777a3669e) local file D:\Github Repos\prospy006\PortableTL\JavaPortableLauncher\Data\AppData\.tlauncher\starter\cache\https_repo.tlauncher.org\tlauncher-sources\prod\prerelease\tlauncher\2.9339\dependencies.json
16:46:26.673 INFO  b.g.h.d.i.FileCacheServiceImpl- do head request -> https://repo.tlauncher.org/tlauncher-sources/prod/prerelease/tlauncher/2.9339/resources.json RequestMetadata(lastModified=Fri, 29 Aug 2025 04:31:12 GMT, eTag=W/68b12d10-46fe, sha1=2102bd10390253a3ba4acf6d75a578d2e4631b9a) local file D:\Github Repos\prospy006\PortableTL\JavaPortableLauncher\Data\AppData\.tlauncher\starter\cache\https_repo.tlauncher.org\tlauncher-sources\prod\prerelease\tlauncher\2.9339\resources.json
16:46:26.872 INFO  b.g.h.d.i.FileCacheServiceImpl- do head request -> https://repo.tlauncher.org/tlauncher-sources/prod/prerelease/tlauncher/javaConfig21.json RequestMetadata(lastModified=Fri, 29 Aug 2025 04:46:29 GMT, eTag=W/68b130a5-e73, sha1=e125872e1e273e860fa276904a6ceeb5189a04eb) local file D:\Github Repos\prospy006\PortableTL\JavaPortableLauncher\Data\AppData\.tlauncher\starter\cache\https_repo.tlauncher.org\tlauncher-sources\prod\prerelease\tlauncher\javaConfig21.json
16:46:34.436 INFO  b.g.c.Starter- loading is complete
16:46:34.436 INFO  b.g.c.Starter- Start application D:\Github Repos\prospy006\PortableTL\JavaPortableLauncher\Data\AppData\.tlauncher\starter/ 
16:46:34.462 INFO  b.g.p.JavaProcessHelper- start command D:\Github Repos\prospy006\PortableTL\JavaPortableLauncher\Data\AppData\.tlauncher\starter\jre_default\jre-21.0.61-windows-x64\bin\java.exe -Dsun.java2d.uiScale.enabled=false -Xmx1024m -Dfile.encoding=UTF8 -Djava.net.preferIPv4Stack=true --add-opens=java.base/java.lang=ALL-UNNAMED --add-opens=java.base/java.time=ALL-UNNAMED --add-opens=java.desktop/java.awt=ALL-UNNAMED --add-opens=java.desktop/sun.awt.image=ALL-UNNAMED --add-opens=java.desktop/sun.java2d=ALL-UNNAMED --add-opens=java.desktop/java.awt.color=ALL-UNNAMED --add-opens=java.desktop/java.awt.image=ALL-UNNAMED --add-opens=java.desktop/com.apple.eawt=ALL-UNNAMED --add-opens=java.base/java.util.regex=ALL-UNNAMED --add-opens=java.desktop/javax.swing=ALL-UNNAMED --add-opens=java.desktop/java.beans=ALL-UNNAMED --add-opens=javafx.web/com.sun.webkit.network=ALL-UNNAMED --add-opens=javafx.web/javafx.scene.web=ALL-UNNAMED --add-opens=javafx.web/com.sun.webkit=ALL-UNNAMED --add-opens=javafx.web/com.sun.webkit.event=ALL-UNNAMED -cp D:\Github Repos\prospy006\PortableTL\JavaPortableLauncher\Data\AppData\.tlauncher\starter\dependencies\aopalliance-1.0.jar;D:\Github Repos\prospy006\PortableTL\JavaPortableLauncher\Data\AppData\.tlauncher\starter\dependencies\checker-qual-3.12.0.jar;D:\Github Repos\prospy006\PortableTL\JavaPortableLauncher\Data\AppData\.tlauncher\starter\dependencies\commons-codec-1.9.jar;D:\Github Repos\prospy006\PortableTL\JavaPortableLauncher\Data\AppData\.tlauncher\starter\dependencies\commons-compress-1.23.0.jar;D:\Github Repos\prospy006\PortableTL\JavaPortableLauncher\Data\AppData\.tlauncher\starter\dependencies\commons-io-2.11.0.jar;D:\Github Repos\prospy006\PortableTL\JavaPortableLauncher\Data\AppData\.tlauncher\starter\dependencies\commons-lang3-3.4.jar;D:\Github Repos\prospy006\PortableTL\JavaPortableLauncher\Data\AppData\.tlauncher\starter\dependencies\commons-logging-1.2.jar;D:\Github Repos\prospy006\PortableTL\JavaPortableLauncher\Data\AppData\.tlauncher\starter\dependencies\commons-logging-api-1.1.jar;D:\Github Repos\prospy006\PortableTL\JavaPortableLauncher\Data\AppData\.tlauncher\starter\dependencies\commons-vfs2-2.0.jar;D:\Github Repos\prospy006\PortableTL\JavaPortableLauncher\Data\AppData\.tlauncher\starter\dependencies\desktop-common-util-1.258.jar;D:\Github Repos\prospy006\PortableTL\JavaPortableLauncher\Data\AppData\.tlauncher\starter\dependencies\DiscordIPC-0.5.jar;D:\Github Repos\prospy006\PortableTL\JavaPortableLauncher\Data\AppData\.tlauncher\starter\dependencies\dnsjava-2.1.8.jar;D:\Github Repos\prospy006\PortableTL\JavaPortableLauncher\Data\AppData\.tlauncher\starter\dependencies\error_prone_annotations-2.18.0.jar;D:\Github Repos\prospy006\PortableTL\JavaPortableLauncher\Data\AppData\.tlauncher\starter\dependencies\failureaccess-1.0.1.jar;D:\Github Repos\prospy006\PortableTL\JavaPortableLauncher\Data\AppData\.tlauncher\starter\dependencies\fluent-hc-4.5.2.jar;D:\Github Repos\prospy006\PortableTL\JavaPortableLauncher\Data\AppData\.tlauncher\starter\dependencies\gson-2.8.8.jar;D:\Github Repos\prospy006\PortableTL\JavaPortableLauncher\Data\AppData\.tlauncher\starter\dependencies\guava-31.0.1-jre.jar;D:\Github Repos\prospy006\PortableTL\JavaPortableLauncher\Data\AppData\.tlauncher\starter\dependencies\guice-7.0.0.jar;D:\Github Repos\prospy006\PortableTL\JavaPortableLauncher\Data\AppData\.tlauncher\starter\dependencies\guice-assistedinject-7.0.0.jar;D:\Github Repos\prospy006\PortableTL\JavaPortableLauncher\Data\AppData\.tlauncher\starter\dependencies\http-download-1.258.jar;D:\Github Repos\prospy006\PortableTL\JavaPortableLauncher\Data\AppData\.tlauncher\starter\dependencies\httpclient-4.5.2.jar;D:\Github Repos\prospy006\PortableTL\JavaPortableLauncher\Data\AppData\.tlauncher\starter\dependencies\httpcore-4.4.4.jar;D:\Github Repos\prospy006\PortableTL\JavaPortableLauncher\Data\AppData\.tlauncher\starter\dependencies\j2objc-annotations-1.3.jar;D:\Github Repos\prospy006\PortableTL\JavaPortableLauncher\Data\AppData\.tlauncher\starter\dependencies\jakarta.inject-api-2.0.1.jar;D:\Github Repos\prospy006\PortableTL\JavaPortableLauncher\Data\AppData\.tlauncher\starter\dependencies\javafx-base-21.0.6-win.jar;D:\Github Repos\prospy006\PortableTL\JavaPortableLauncher\Data\AppData\.tlauncher\starter\dependencies\javafx-base-21.0.6.jar;D:\Github Repos\prospy006\PortableTL\JavaPortableLauncher\Data\AppData\.tlauncher\starter\dependencies\javafx-controls-21.0.6-win.jar;D:\Github Repos\prospy006\PortableTL\JavaPortableLauncher\Data\AppData\.tlauncher\starter\dependencies\javafx-controls-21.0.6.jar;D:\Github Repos\prospy006\PortableTL\JavaPortableLauncher\Data\AppData\.tlauncher\starter\dependencies\javafx-graphics-21.0.6-win.jar;D:\Github Repos\prospy006\PortableTL\JavaPortableLauncher\Data\AppData\.tlauncher\starter\dependencies\javafx-graphics-21.0.6.jar;D:\Github Repos\prospy006\PortableTL\JavaPortableLauncher\Data\AppData\.tlauncher\starter\dependencies\javafx-media-21.0.6-win.jar;D:\Github Repos\prospy006\PortableTL\JavaPortableLauncher\Data\AppData\.tlauncher\starter\dependencies\javafx-media-21.0.6.jar;D:\Github Repos\prospy006\PortableTL\JavaPortableLauncher\Data\AppData\.tlauncher\starter\dependencies\javafx-swing-21.0.6-win.jar;D:\Github Repos\prospy006\PortableTL\JavaPortableLauncher\Data\AppData\.tlauncher\starter\dependencies\javafx-swing-21.0.6.jar;D:\Github Repos\prospy006\PortableTL\JavaPortableLauncher\Data\AppData\.tlauncher\starter\dependencies\javafx-web-21.0.6-win.jar;D:\Github Repos\prospy006\PortableTL\JavaPortableLauncher\Data\AppData\.tlauncher\starter\dependencies\javafx-web-21.0.6.jar;D:\Github Repos\prospy006\PortableTL\JavaPortableLauncher\Data\AppData\.tlauncher\starter\dependencies\javax.annotation-api-1.3.2.jar;D:\Github Repos\prospy006\PortableTL\JavaPortableLauncher\Data\AppData\.tlauncher\starter\dependencies\jaxb-api-2.3.0.jar;D:\Github Repos\prospy006\PortableTL\JavaPortableLauncher\Data\AppData\.tlauncher\starter\dependencies\jaxb-core-2.3.0.jar;D:\Github Repos\prospy006\PortableTL\JavaPortableLauncher\Data\AppData\.tlauncher\starter\dependencies\jaxb-impl-2.3.0.jar;D:\Github Repos\prospy006\PortableTL\JavaPortableLauncher\Data\AppData\.tlauncher\starter\dependencies\jcl-over-slf4j-1.7.25.jar;D:\Github Repos\prospy006\PortableTL\JavaPortableLauncher\Data\AppData\.tlauncher\starter\dependencies\jopt-simple-5.0.4.jar;D:\Github Repos\prospy006\PortableTL\JavaPortableLauncher\Data\AppData\.tlauncher\starter\dependencies\json-20230227.jar;D:\Github Repos\prospy006\PortableTL\JavaPortableLauncher\Data\AppData\.tlauncher\starter\dependencies\jsr305-3.0.2.jar;D:\Github Repos\prospy006\PortableTL\JavaPortableLauncher\Data\AppData\.tlauncher\starter\dependencies\junixsocket-common-2.6.2.jar;D:\Github Repos\prospy006\PortableTL\JavaPortableLauncher\Data\AppData\.tlauncher\starter\dependencies\junixsocket-native-common-2.6.2.jar;D:\Github Repos\prospy006\PortableTL\JavaPortableLauncher\Data\AppData\.tlauncher\starter\dependencies\junrar-0.7.jar;D:\Github Repos\prospy006\PortableTL\JavaPortableLauncher\Data\AppData\.tlauncher\starter\dependencies\listenablefuture-9999.0-empty-to-avoid-conflict-with-guava.jar;D:\Github Repos\prospy006\PortableTL\JavaPortableLauncher\Data\AppData\.tlauncher\starter\dependencies\log4j-1.2.17.jar;D:\Github Repos\prospy006\PortableTL\JavaPortableLauncher\Data\AppData\.tlauncher\starter\dependencies\logback-classic-1.2.10.jar;D:\Github Repos\prospy006\PortableTL\JavaPortableLauncher\Data\AppData\.tlauncher\starter\dependencies\logback-core-1.2.10.jar;D:\Github Repos\prospy006\PortableTL\JavaPortableLauncher\Data\AppData\.tlauncher\starter\dependencies\lombok-1.18.30.jar;D:\Github Repos\prospy006\PortableTL\JavaPortableLauncher\Data\AppData\.tlauncher\starter\dependencies\maven-scm-api-1.4.jar;D:\Github Repos\prospy006\PortableTL\JavaPortableLauncher\Data\AppData\.tlauncher\starter\dependencies\maven-scm-provider-svn-commons-1.4.jar;D:\Github Repos\prospy006\PortableTL\JavaPortableLauncher\Data\AppData\.tlauncher\starter\dependencies\maven-scm-provider-svnexe-1.4.jar;D:\Github Repos\prospy006\PortableTL\JavaPortableLauncher\Data\AppData\.tlauncher\starter\dependencies\MinecraftServerPing-1.0.2.jar;D:\Github Repos\prospy006\PortableTL\JavaPortableLauncher\Data\AppData\.tlauncher\starter\dependencies\mockserver-netty-no-dependencies-5.14.0.jar;D:\Github Repos\prospy006\PortableTL\JavaPortableLauncher\Data\AppData\.tlauncher\starter\dependencies\modpack-dto-2.278.jar;D:\Github Repos\prospy006\PortableTL\JavaPortableLauncher\Data\AppData\.tlauncher\starter\dependencies\picture-bundle-3.72.jar;D:\Github Repos\prospy006\PortableTL\JavaPortableLauncher\Data\AppData\.tlauncher\starter\dependencies\plexus-utils-1.5.6.jar;D:\Github Repos\prospy006\PortableTL\JavaPortableLauncher\Data\AppData\.tlauncher\starter\dependencies\regexp-1.3.jar;D:\Github Repos\prospy006\PortableTL\JavaPortableLauncher\Data\AppData\.tlauncher\starter\dependencies\skin-api-1.7.jar;D:\Github Repos\prospy006\PortableTL\JavaPortableLauncher\Data\AppData\.tlauncher\starter\dependencies\slf4j-api-1.7.25.jar;D:\Github Repos\prospy006\PortableTL\JavaPortableLauncher\Data\AppData\.tlauncher\starter\dependencies\statistics-dto-1.73.jar;D:\Github Repos\prospy006\PortableTL\JavaPortableLauncher\Data\AppData\.tlauncher\starter\dependencies\tlauncher-resource-1.6.jar;D:\Github Repos\prospy006\PortableTL\JavaPortableLauncher\Data\AppData\.tlauncher\starter\dependencies\url-cache-1.1.jar;D:\Github Repos\prospy006\PortableTL\JavaPortableLauncher\Data\AppData\.tlauncher\starter\dependencies\xz-1.9.jar;D:\Github Repos\prospy006\PortableTL\JavaPortableLauncher\Data\AppData\.tlauncher\starter\original-TLauncher-2.9339.jar; org.tlauncher.tlauncher.rmo.TLauncher -starterConfig=D:\Github Repos\prospy006\PortableTL\JavaPortableLauncher\Data\AppData\.tlauncher\starter\starter.json -requireUpdate=false -currentAppVersion=2.9339 -starterDomainAvailability=D:\Github Repos\prospy006\PortableTL\JavaPortableLauncher\Data\AppData\.tlauncher\starter\domainAvailability.json -country=${country}
16:46:34.716 INFO  b.g.s.ConsoleSubscriber- WARNING: package com.apple.eawt not in java.desktop
16:46:34.892 INFO  b.g.s.ConsoleSubscriber- Loading configuration from file: D:\Github Repos\prospy006\PortableTL\JavaPortableLauncher\Data\AppData\.tlauncher\tlauncher-2.0.properties
16:46:35.045 INFO  b.g.s.ConsoleSubscriber- [Configuration] Constant values: {require.update=false, version.tlauncher=2.9339, starter.config=D:\Github Repos\prospy006\PortableTL\JavaPortableLauncher\Data\AppData\.tlauncher\starter\starter.json, localization.country=${country}, starter.domain.availability=D:\Github Repos\prospy006\PortableTL\JavaPortableLauncher\Data\AppData\.tlauncher\starter\domainAvailability.json}
16:46:35.199 INFO  b.g.s.ConsoleSubscriber- [Loading] INITIALIZING
16:46:36.757 INFO  b.g.s.ConsoleSubscriber- Starting TLauncher 2.9339 PRERELEASE
16:46:36.757 INFO  b.g.s.ConsoleSubscriber- For more information, visit https://tlauncher.org/
16:46:36.758 INFO  b.g.s.ConsoleSubscriber- Startup time: Sep 26, 2025, 4:46:36?PM
16:46:36.758 INFO  b.g.s.ConsoleSubscriber- Running folder D:\Github Repos\prospy006\PortableTL\JavaPortableLauncher\Data\AppData\.tlauncher\starter
16:46:36.758 INFO  b.g.s.ConsoleSubscriber- ---
16:46:36.763 INFO  b.g.s.ConsoleSubscriber- [Loading] LOADING_CONFIGURATION
16:46:36.764 INFO  b.g.s.ConsoleSubscriber- Machine info: -------------------------------------------------------
16:46:36.764 INFO  b.g.s.ConsoleSubscriber- Windows 11 10.0, Java 21.0.6, jvm bit x64, 7965 MB RAM
16:46:36.765 INFO  b.g.s.ConsoleSubscriber- java path=D:\Github Repos\prospy006\PortableTL\JavaPortableLauncher\Data\AppData\.tlauncher\starter\jre_default\jre-21.0.61-windows-x64\bin\javaw.exe
16:46:36.765 INFO  b.g.s.ConsoleSubscriber- Intel(R) Core(TM) i5-10210U CPU @ 1.60GHz
16:46:36.765 INFO  b.g.s.ConsoleSubscriber- -------------------------------------------------------
16:46:36.766 INFO  b.g.s.ConsoleSubscriber- Selected locale: en
16:46:36.853 INFO  b.g.s.ConsoleSubscriber- default protocol handler for protocol {} not available http
16:46:37.092 INFO  b.g.s.ConsoleSubscriber- 16:46:37.089 [pool-3-thread-1] INFO by.gdev.util.DesktopUtil - check internet connection https://res.tlauncher.ru/check.bin timeout 1500 ms
16:46:37.093 INFO  b.g.s.ConsoleSubscriber- 16:46:37.089 [ForkJoinPool.commonPool-worker-5] INFO by.gdev.util.DesktopUtil - check internet connection https://securelogger.net/check.bin timeout 1500 ms
16:46:37.093 INFO  b.g.s.ConsoleSubscriber- 16:46:37.089 [ForkJoinPool.commonPool-worker-7] INFO by.gdev.util.DesktopUtil - check internet connection https://mps.tlauncher.org/api/check.bin timeout 1500 ms
16:46:37.093 INFO  b.g.s.ConsoleSubscriber- 16:46:37.089 [ForkJoinPool.commonPool-worker-2] INFO by.gdev.util.DesktopUtil - check internet connection https://mps.tlauncher.ru/api/check.bin timeout 1500 ms
16:46:37.094 INFO  b.g.s.ConsoleSubscriber- 16:46:37.089 [ForkJoinPool.commonPool-worker-6] INFO by.gdev.util.DesktopUtil - check internet connection https://mps.fastrepo.org/api/check.bin timeout 1500 ms
16:46:37.094 INFO  b.g.s.ConsoleSubscriber- 16:46:37.089 [ForkJoinPool.commonPool-worker-3] INFO by.gdev.util.DesktopUtil - check internet connection https://securelogger.top/check.bin timeout 1500 ms
16:46:37.094 INFO  b.g.s.ConsoleSubscriber- 16:46:37.089 [ForkJoinPool.commonPool-worker-4] INFO by.gdev.util.DesktopUtil - check internet connection https://res.tlauncher.org/check.bin timeout 1500 ms
16:46:37.094 INFO  b.g.s.ConsoleSubscriber- check internet connection https://res.tlauncher.ru/check.bin timeout 1500 ms
16:46:37.095 INFO  b.g.s.ConsoleSubscriber- check internet connection https://res.tlauncher.org/check.bin timeout 1500 ms
16:46:37.095 INFO  b.g.s.ConsoleSubscriber- check internet connection https://securelogger.top/check.bin timeout 1500 ms
16:46:37.095 INFO  b.g.s.ConsoleSubscriber- check internet connection https://mps.fastrepo.org/api/check.bin timeout 1500 ms
16:46:37.095 INFO  b.g.s.ConsoleSubscriber- check internet connection https://mps.tlauncher.ru/api/check.bin timeout 1500 ms
16:46:37.095 INFO  b.g.s.ConsoleSubscriber- check internet connection https://mps.tlauncher.org/api/check.bin timeout 1500 ms
16:46:37.096 INFO  b.g.s.ConsoleSubscriber- check internet connection https://securelogger.net/check.bin timeout 1500 ms
16:46:37.099 INFO  b.g.s.ConsoleSubscriber- [Loading] LOADING_CONSOLE
16:46:37.565 INFO  b.g.s.ConsoleSubscriber- [Downloader2] Loaded configuration: good
16:46:37.619 INFO  b.g.s.ConsoleSubscriber- 16:46:37.618 [ForkJoinPool.commonPool-worker-4] INFO by.gdev.util.DesktopUtil - passed res.tlauncher.org within 532 ms
16:46:37.620 INFO  b.g.s.ConsoleSubscriber- passed res.tlauncher.org within 532 ms
16:46:37.621 INFO  b.g.s.ConsoleSubscriber- 16:46:37.619 [ForkJoinPool.commonPool-worker-4] INFO by.gdev.util.DesktopUtil - check internet connection https://rescl.tlauncher.org/check.bin timeout 1500 ms
16:46:37.622 INFO  b.g.s.ConsoleSubscriber- 16:46:37.618 [ForkJoinPool.commonPool-worker-5] INFO by.gdev.util.DesktopUtil - passed securelogger.net within 532 ms
16:46:37.720 INFO  b.g.s.ConsoleSubscriber- check internet connection https://rescl.tlauncher.org/check.bin timeout 1500 ms
16:46:37.720 INFO  b.g.s.ConsoleSubscriber- passed securelogger.net within 532 ms
16:46:37.721 INFO  b.g.s.ConsoleSubscriber- 16:46:37.720 [ForkJoinPool.commonPool-worker-5] INFO by.gdev.util.DesktopUtil - check internet connection https://ruzone.securelogger.top/check.bin timeout 1500 ms
16:46:37.721 INFO  b.g.s.ConsoleSubscriber- check internet connection https://ruzone.securelogger.top/check.bin timeout 1500 ms
16:46:37.771 INFO  b.g.s.ConsoleSubscriber- 16:46:37.771 [ForkJoinPool.commonPool-worker-4] INFO by.gdev.util.DesktopUtil - passed rescl.tlauncher.org within 152 ms
16:46:37.772 INFO  b.g.s.ConsoleSubscriber- passed rescl.tlauncher.org within 152 ms
16:46:37.911 INFO  b.g.s.ConsoleSubscriber- 16:46:37.911 [ForkJoinPool.commonPool-worker-3] INFO by.gdev.util.DesktopUtil - passed securelogger.top within 825 ms
16:46:37.911 INFO  b.g.s.ConsoleSubscriber- passed securelogger.top within 825 ms
16:46:38.076 INFO  b.g.s.ConsoleSubscriber- 16:46:38.075 [ForkJoinPool.commonPool-worker-6] INFO by.gdev.util.DesktopUtil - passed mps.fastrepo.org within 989 ms
16:46:38.076 INFO  b.g.s.ConsoleSubscriber- passed mps.fastrepo.org within 989 ms
16:46:38.076 INFO  b.g.s.ConsoleSubscriber- 16:46:38.076 [ForkJoinPool.commonPool-worker-7] INFO by.gdev.util.DesktopUtil - passed mps.tlauncher.org within 990 ms
16:46:38.077 INFO  b.g.s.ConsoleSubscriber- passed mps.tlauncher.org within 990 ms
16:46:38.097 INFO  b.g.s.ConsoleSubscriber- [Browser] Loading resources...
16:46:38.153 INFO  b.g.s.ConsoleSubscriber- 16:46:38.153 [ForkJoinPool.commonPool-worker-2] INFO by.gdev.util.DesktopUtil - passed mps.tlauncher.ru within 1067 ms
16:46:38.154 INFO  b.g.s.ConsoleSubscriber- passed mps.tlauncher.ru within 1067 ms
16:46:38.227 INFO  b.g.s.ConsoleSubscriber- 16:46:38.227 [pool-3-thread-1] INFO by.gdev.util.DesktopUtil - passed res.tlauncher.ru within 1142 ms
16:46:38.228 INFO  b.g.s.ConsoleSubscriber- passed res.tlauncher.ru within 1142 ms
16:46:38.327 INFO  b.g.s.ConsoleSubscriber- [Browser] Cleaning up after loading:
16:46:38.332 INFO  b.g.s.ConsoleSubscriber- Starting garbage collector: 41 / 64 MB
16:46:38.355 INFO  b.g.s.ConsoleSubscriber- Garbage collector completed: 30 / 64 MB
16:46:38.413 INFO  b.g.s.ConsoleSubscriber- 16:46:38.413 [main] INFO by.gdev.http.download.impl.FileCacheServiceImpl - do head request -> https://repo.tlauncher.org/update/downloads/configs/pages/index_en.html RequestMetadata(lastModified=Sat, 13 Sep 2025 00:36:51 GMT, eTag=68c4bca3-f4e8, sha1=a487444484ea04c0d4eec861e56aad20b11dc571) local file D:\Github Repos\prospy006\PortableTL\JavaPortableLauncher\Data\AppData\.tlauncher\cache\https_repo.tlauncher.org\update\downloads\configs\pages\index_en.html
16:46:38.413 INFO  b.g.s.ConsoleSubscriber- do head request -> https://repo.tlauncher.org/update/downloads/configs/pages/index_en.html RequestMetadata(lastModified=Sat, 13 Sep 2025 00:36:51 GMT, eTag=68c4bca3-f4e8, sha1=a487444484ea04c0d4eec861e56aad20b11dc571) local file D:\Github Repos\prospy006\PortableTL\JavaPortableLauncher\Data\AppData\.tlauncher\cache\https_repo.tlauncher.org\update\downloads\configs\pages\index_en.html
16:46:38.418 INFO  b.g.s.ConsoleSubscriber- [Browser] Running in JavaFX Thread
16:46:38.418 INFO  b.g.s.ConsoleSubscriber- [Loading] LOADING_MANAGERS
16:46:38.418 INFO  b.g.s.ConsoleSubscriber- [Browser] Preparing JavaFX...
16:46:38.432 INFO  b.g.s.ConsoleSubscriber- [LocalVersionList] Base directory: D:\Apps\THE MINECRAFT FILES\PortableTL\JavaPortableLauncher\Data\AppData\.minecraft
16:46:38.449 INFO  b.g.s.ConsoleSubscriber- [ProfileManager] Refreshing profiles from: D:\Apps\THE MINECRAFT FILES\PortableTL\JavaPortableLauncher\Data\AppData\.minecraft\TlauncherProfiles.json
16:46:38.466 INFO  b.g.s.ConsoleSubscriber- [AdvertisingStatusObserver]  started to get ad information
16:46:38.466 INFO  b.g.s.ConsoleSubscriber- [AdvertisingStatusObserver]  finished to get add information
16:46:38.469 INFO  b.g.s.ConsoleSubscriber- profiles is saved successfully
16:46:38.472 INFO  b.g.s.ConsoleSubscriber- [Loading] LOADING_WINDOW
16:46:38.481 INFO  b.g.s.ConsoleSubscriber- 16:46:38.480 [ExtendedThread#3] INFO by.gdev.http.download.impl.FileCacheServiceImpl - do head request -> https://repo.tlauncher.org/update/downloads/libraries/org/tlauncher/authlib/libraries-1.7.json RequestMetadata(lastModified=Wed, 10 Sep 2025 08:06:39 GMT, eTag=68c1318f-52547, sha1=397f61a80212a8fa0c73b74d0a82c1430186d028) local file D:\Github Repos\prospy006\PortableTL\JavaPortableLauncher\Data\AppData\.tlauncher\cache\https_repo.tlauncher.org\update\downloads\libraries\org\tlauncher\authlib\libraries-1.7.json
16:46:38.481 INFO  b.g.s.ConsoleSubscriber- do head request -> https://repo.tlauncher.org/update/downloads/libraries/org/tlauncher/authlib/libraries-1.7.json RequestMetadata(lastModified=Wed, 10 Sep 2025 08:06:39 GMT, eTag=68c1318f-52547, sha1=397f61a80212a8fa0c73b74d0a82c1430186d028) local file D:\Github Repos\prospy006\PortableTL\JavaPortableLauncher\Data\AppData\.tlauncher\cache\https_repo.tlauncher.org\update\downloads\libraries\org\tlauncher\authlib\libraries-1.7.json
16:46:38.500 INFO  b.g.s.ConsoleSubscriber- 16:46:38.499 [ExtendedThread#4] INFO by.gdev.http.download.impl.FileCacheServiceImpl - do head request -> https://repo.tlauncher.org/update/downloads/configs/inner_servers-1.1.json RequestMetadata(lastModified=Thu, 25 Sep 2025 23:23:52 GMT, eTag=68d5cf08-1652, sha1=e99a6a34b12d41efd51ed01928d6b259a9684a45) local file D:\Github Repos\prospy006\PortableTL\JavaPortableLauncher\Data\AppData\.tlauncher\cache\https_repo.tlauncher.org\update\downloads\configs\inner_servers-1.1.json
16:46:38.500 INFO  b.g.s.ConsoleSubscriber- do head request -> https://repo.tlauncher.org/update/downloads/configs/inner_servers-1.1.json RequestMetadata(lastModified=Thu, 25 Sep 2025 23:23:52 GMT, eTag=68d5cf08-1652, sha1=e99a6a34b12d41efd51ed01928d6b259a9684a45) local file D:\Github Repos\prospy006\PortableTL\JavaPortableLauncher\Data\AppData\.tlauncher\cache\https_repo.tlauncher.org\update\downloads\configs\inner_servers-1.1.json
16:46:38.505 INFO  b.g.s.ConsoleSubscriber- 16:46:38.505 [ForkJoinPool.commonPool-worker-5] INFO by.gdev.util.DesktopUtil - passed ruzone.securelogger.top within 785 ms
16:46:38.505 INFO  b.g.s.ConsoleSubscriber- passed ruzone.securelogger.top within 785 ms
16:46:38.560 INFO  b.g.s.ConsoleSubscriber- [Browser] Initializing...
16:46:38.571 INFO  b.g.s.ConsoleSubscriber- [Swing] Favicons loaded: 256px, 128px, 96px, 64px, 48px, 32px, 24px, 16px
16:46:38.844 INFO  b.g.s.ConsoleSubscriber- [JFXStartPageLoader]  start load page: file:///D:/Github%20Repos/prospy006/PortableTL/JavaPortableLauncher/Data/AppData/.tlauncher/cache/https_repo.tlauncher.org/update/downloads/configs/pages/index_en.html
16:46:39.131 INFO  b.g.s.ConsoleSubscriber- [Loading] PREPARING_MAINPANE
16:46:39.503 INFO  b.g.s.ConsoleSubscriber- [JFXStartPageLoader]  succeeded load page: file:///D:/Github%20Repos/prospy006/PortableTL/JavaPortableLauncher/Data/AppData/.tlauncher/cache/https_repo.tlauncher.org/update/downloads/configs/pages/index_en.html during 0
16:46:39.525 INFO  b.g.s.ConsoleSubscriber- [Browser@50861714] Loaded successfully: "file:///D:/Github%20Repos/prospy006/PortableTL/JavaPortableLauncher/Data/AppData/.tlauncher/cache/https_repo.tlauncher.org/update/downloads/configs/pages/index_en.html"
16:46:39.620 INFO  b.g.s.ConsoleSubscriber- [Browser] add listens into server_choose
16:46:39.621 INFO  b.g.s.ConsoleSubscriber- [Browser] finished listens into server_choose
16:46:39.831 INFO  b.g.s.ConsoleSubscriber- [Downloader2] Loaded configuration: good
16:46:41.025 INFO  b.g.s.ConsoleSubscriber- [BrowserSimplePanel]	 constructor
16:46:41.050 INFO  b.g.s.ConsoleSubscriber- [BrowserSimplePanel]	 constructor
16:46:41.702 INFO  b.g.s.ConsoleSubscriber- [Loading] POSTINIT_GUI
16:46:42.139 INFO  b.g.s.ConsoleSubscriber- [Frame] Packing main frame...
16:46:42.307 INFO  b.g.s.ConsoleSubscriber- [Frame] Resizing main pane...
16:46:42.307 INFO  b.g.s.ConsoleSubscriber- Visibility set.
16:46:42.310 INFO  b.g.s.ConsoleSubscriber- [Loading] REFRESHING_INFO
16:46:42.318 INFO  b.g.s.ConsoleSubscriber- [VersionManager] Refreshing versions remotely...
16:46:42.321 INFO  b.g.s.ConsoleSubscriber- Started! (5557 ms.)
16:46:42.321 INFO  b.g.s.ConsoleSubscriber- [Loading] SUCCESS
